[debug] [2021-02-01T11:12:13.679Z] ----------------------------------------------------------------------
[debug] [2021-02-01T11:12:13.682Z] Command:       C:\Program Files\nodejs\node.exe C:\Users\kelwin\AppData\Roaming\npm\node_modules\firebase-tools\lib\bin\firebase.js init
[debug] [2021-02-01T11:12:13.682Z] CLI Version:   9.2.2
[debug] [2021-02-01T11:12:13.682Z] Platform:      win32
[debug] [2021-02-01T11:12:13.683Z] Node Version:  v12.18.4
[debug] [2021-02-01T11:12:13.685Z] Time:          Mon Feb 01 2021 08:12:13 GMT-0300 (GMT-03:00)
[debug] [2021-02-01T11:12:13.685Z] ----------------------------------------------------------------------
[debug] [2021-02-01T11:12:13.685Z] 
[debug] [2021-02-01T11:12:13.694Z] > command requires scopes: ["email","openid","https://www.googleapis.com/auth/cloudplatformprojects.readonly","https://www.googleapis.com/auth/firebase","https://www.googleapis.com/auth/cloud-platform"]
[debug] [2021-02-01T11:12:13.695Z] > authorizing via signed-in user
[info] 
     ######## #### ########  ######## ########     ###     ######  ########
     ##        ##  ##     ## ##       ##     ##  ##   ##  ##       ##
     ######    ##  ########  ######   ########  #########  ######  ######
     ##        ##  ##    ##  ##       ##     ## ##     ##       ## ##
     ##       #### ##     ## ######## ########  ##     ##  ######  ########

You're about to initialize a Firebase project in this directory:

  C:\Users\kelwin\Documents\www\dev-list\frontend

Before we get started, keep in mind:

  * You are initializing in an existing Firebase project directory

